[23-Jul-2024 07:28:22 UTC] PHP Warning:  Trying to access array offset on value of type null in /Users/odeliafinkelstein/Local Sites/esf/app/public/wp-content/themes/kalium/includes/classes/core/kalium-theme-upgrader.php on line 151
[23-Jul-2024 07:28:22 UTC] PHP Warning:  Trying to access array offset on value of type null in /Users/odeliafinkelstein/Local Sites/esf/app/public/wp-content/themes/kalium/includes/classes/core/kalium-theme-upgrader.php on line 151
[23-Jul-2024 07:28:22 UTC] PHP Warning:  Trying to access array offset on value of type null in /Users/odeliafinkelstein/Local Sites/esf/app/public/wp-content/themes/kalium/includes/classes/core/kalium-theme-upgrader.php on line 151
[23-Jul-2024 18:57:49 UTC] PHP Warning:  Trying to access array offset on value of type null in /Users/odeliafinkelstein/Local Sites/esf/app/public/wp-content/themes/kalium/includes/classes/core/kalium-theme-upgrader.php on line 151
[23-Jul-2024 18:57:49 UTC] PHP Warning:  Trying to access array offset on value of type null in /Users/odeliafinkelstein/Local Sites/esf/app/public/wp-content/themes/kalium/includes/classes/core/kalium-theme-upgrader.php on line 151
[24-Jul-2024 09:28:28 UTC] PHP Warning:  Trying to access array offset on value of type null in /Users/odeliafinkelstein/Local Sites/esf/app/public/wp-content/themes/kalium/includes/classes/core/kalium-theme-upgrader.php on line 151
[24-Jul-2024 09:28:28 UTC] PHP Warning:  Trying to access array offset on value of type null in /Users/odeliafinkelstein/Local Sites/esf/app/public/wp-content/themes/kalium/includes/classes/core/kalium-theme-upgrader.php on line 151
[24-Jul-2024 09:28:32 UTC] PHP Warning:  Trying to access array offset on value of type null in /Users/odeliafinkelstein/Local Sites/esf/app/public/wp-content/themes/kalium/includes/classes/core/kalium-theme-upgrader.php on line 151
[24-Jul-2024 18:25:01 UTC] PHP Warning:  Trying to access array offset on value of type null in /Users/odeliafinkelstein/Local Sites/esf/app/public/wp-content/themes/kalium/includes/classes/core/kalium-theme-upgrader.php on line 151
[24-Jul-2024 18:25:02 UTC] PHP Warning:  Trying to access array offset on value of type null in /Users/odeliafinkelstein/Local Sites/esf/app/public/wp-content/themes/kalium/includes/classes/core/kalium-theme-upgrader.php on line 151
[24-Jul-2024 18:25:02 UTC] PHP Warning:  Trying to access array offset on value of type null in /Users/odeliafinkelstein/Local Sites/esf/app/public/wp-content/themes/kalium/includes/classes/core/kalium-theme-upgrader.php on line 151
[25-Jul-2024 18:23:59 UTC] PHP Warning:  Trying to access array offset on value of type null in /Users/odeliafinkelstein/Local Sites/esf/app/public/wp-content/themes/kalium/includes/classes/core/kalium-theme-upgrader.php on line 151
[29-Jul-2024 15:47:09 UTC] PHP Warning:  Trying to access array offset on value of type null in /Users/odeliafinkelstein/Local Sites/esf/app/public/wp-content/themes/kalium/includes/classes/core/kalium-theme-upgrader.php on line 151
[29-Jul-2024 15:47:09 UTC] PHP Warning:  Trying to access array offset on value of type null in /Users/odeliafinkelstein/Local Sites/esf/app/public/wp-content/themes/kalium/includes/classes/core/kalium-theme-upgrader.php on line 151
[29-Jul-2024 17:40:06 UTC] PHP Warning:  Trying to access array offset on value of type null in /Users/odeliafinkelstein/Local Sites/esf/app/public/wp-content/themes/kalium/includes/classes/core/kalium-theme-upgrader.php on line 151
[30-Jul-2024 17:04:40 UTC] Cron reschedule event error for hook: action_scheduler_run_queue, Error code: invalid_schedule, Error message: Event schedule does not exist., Data: {"schedule":"every_minute","args":["WP Cron"],"interval":60}
[30-Jul-2024 17:04:58 UTC] Cron reschedule event error for hook: action_scheduler_run_queue, Error code: invalid_schedule, Error message: Event schedule does not exist., Data: {"schedule":"every_minute","args":["WP Cron"],"interval":60}
[30-Jul-2024 17:40:14 UTC] PHP Warning:  Trying to access array offset on value of type null in /Users/odeliafinkelstein/Local Sites/esf/app/public/wp-content/themes/kalium/includes/classes/core/kalium-theme-upgrader.php on line 151
[30-Jul-2024 17:40:14 UTC] PHP Warning:  Trying to access array offset on value of type null in /Users/odeliafinkelstein/Local Sites/esf/app/public/wp-content/themes/kalium/includes/classes/core/kalium-theme-upgrader.php on line 151
[30-Jul-2024 17:40:14 UTC] PHP Warning:  Trying to access array offset on value of type null in /Users/odeliafinkelstein/Local Sites/esf/app/public/wp-content/themes/kalium/includes/classes/core/kalium-theme-upgrader.php on line 151
[30-Jul-2024 17:50:27 UTC] PHP Fatal error:  Uncaught Error: Call to undefined function kalium_get_film_query() in /Users/odeliafinkelstein/Local Sites/esf/app/public/wp-content/themes/kalium-child/tpls/film-listing.php:28
Stack trace:
#0 /Users/odeliafinkelstein/Local Sites/esf/app/public/wp-includes/template.php(812): require()
#1 /Users/odeliafinkelstein/Local Sites/esf/app/public/wp-includes/template.php(745): load_template('/Users/odeliafi...', false, Array)
#2 /Users/odeliafinkelstein/Local Sites/esf/app/public/wp-includes/general-template.php(206): locate_template(Array, true, false, Array)
#3 /Users/odeliafinkelstein/Local Sites/esf/app/public/wp-content/themes/kalium-child/archive-film.php(22): get_template_part('tpls/film-listi...')
#4 /Users/odeliafinkelstein/Local Sites/esf/app/public/wp-includes/template-loader.php(106): include('/Users/odeliafi...')
#5 /Users/odeliafinkelstein/Local Sites/esf/app/public/wp-blog-header.php(19): require_once('/Users/odeliafi...')
#6 /Users/odeliafinkelstein/Local Sites/esf/app/public/index.php(17): require('/Users/odeliafi...')
#7 {main}
  thrown in /Users/odeliafinkelstein/Local Sites/esf/app/public/wp-content/themes/kalium-child/tpls/film-listing.php on line 28
[31-Jul-2024 22:08:03 UTC] PHP Warning:  Trying to access array offset on value of type null in /Users/odeliafinkelstein/Local Sites/esf/app/public/wp-content/themes/kalium/includes/classes/core/kalium-theme-upgrader.php on line 151
[31-Jul-2024 22:08:03 UTC] PHP Warning:  Trying to access array offset on value of type null in /Users/odeliafinkelstein/Local Sites/esf/app/public/wp-content/themes/kalium/includes/classes/core/kalium-theme-upgrader.php on line 151
[31-Jul-2024 22:08:04 UTC] PHP Warning:  Trying to access array offset on value of type null in /Users/odeliafinkelstein/Local Sites/esf/app/public/wp-content/themes/kalium/includes/classes/core/kalium-theme-upgrader.php on line 151
[01-Aug-2024 08:36:48 UTC] PHP Warning:  Trying to access array offset on value of type null in /Users/odeliafinkelstein/Local Sites/esf/app/public/wp-content/themes/kalium/includes/classes/core/kalium-theme-upgrader.php on line 151
[01-Aug-2024 08:36:49 UTC] PHP Warning:  Trying to access array offset on value of type null in /Users/odeliafinkelstein/Local Sites/esf/app/public/wp-content/themes/kalium/includes/classes/core/kalium-theme-upgrader.php on line 151
[01-Aug-2024 08:36:49 UTC] PHP Warning:  Trying to access array offset on value of type null in /Users/odeliafinkelstein/Local Sites/esf/app/public/wp-content/themes/kalium/includes/classes/core/kalium-theme-upgrader.php on line 151
