[22-Jul-2024 19:36:21] NOTICE: fpm is running, pid 56599
[22-Jul-2024 19:36:21] NOTICE: ready to handle connections
[23-Jul-2024 12:39:36] NOTICE: Terminating ...
[23-Jul-2024 12:39:36] NOTICE: Terminating ...
[23-Jul-2024 12:39:36] NOTICE: exiting, bye-bye!
[23-Jul-2024 14:57:40] NOTICE: fpm is running, pid 1993
[23-Jul-2024 14:57:40] NOTICE: ready to handle connections
[24-Jul-2024 15:29:03] NOTICE: Terminating ...
[24-Jul-2024 15:29:03] NOTICE: Terminating ...
[24-Jul-2024 15:29:03] NOTICE: exiting, bye-bye!
[25-Jul-2024 14:22:33] NOTICE: fpm is running, pid 10141
[25-Jul-2024 14:22:33] NOTICE: ready to handle connections
[29-Jul-2024 15:50:16] NOTICE: Terminating ...
[29-Jul-2024 15:50:16] NOTICE: Terminating ...
[29-Jul-2024 15:50:16] NOTICE: exiting, bye-bye!
[30-Jul-2024 10:30:02] NOTICE: fpm is running, pid 27461
[30-Jul-2024 10:30:02] NOTICE: ready to handle connections
[01-Aug-2024 18:50:49] NOTICE: Terminating ...
[01-Aug-2024 18:50:50] NOTICE: Terminating ...
[01-Aug-2024 18:50:50] NOTICE: exiting, bye-bye!
